app/build/outputs/logs/manifest-merger-debug-report.txt
-- Merging decision tree log ---
manifest
ADDED from src/main/AndroidManifest.xml:2:1-178:12
INJECTED from src/main/AndroidManifest.xml:2:1-178:12
INJECTED from src/main/AndroidManifest.xml:2:1-178:12
INJECTED from src/main/AndroidManifest.xml:2:1-178:12
MERGED from [:library] AndroidManifest.xml:2:1-14:12
MERGED from [eu.chainfire:libsuperuser:1.0.0.201811281328] AndroidManifest.xml:2:1-11:12
MERGED from [com.nhaarman.listviewanimations:lib-core:3.1.0] AndroidManifest.xml:17:1-29:12
MERGED from [com.nhaarman.listviewanimations:lib-manipulation:3.1.0] AndroidManifest.xml:17:1-31:12
MERGED from [com.nhaarman.listviewanimations:lib-core-slh:3.1.0] AndroidManifest.xml:17:1-29:12
MERGED from [com.github.gabrielemariotti.changeloglib:library:1.5.2] AndroidManifest.xml:2:1-14:12
MERGED from [com.hannesdorfmann.smoothprogressbar:library:1.0.0] AndroidManifest.xml:2:1-14:12
MERGED from [com.github.castorflex.smoothprogressbar:library-circular:1.0.0] AndroidManifest.xml:2:1-14:12
MERGED from [com.android.support.constraint:constraint-layout:1.0.2] AndroidManifest.xml:2:1-11:12
MERGED from [com.github.ybq:Android-SpinKit:1.0.4] AndroidManifest.xml:2:1-12:12
MERGED from [com.mylhyl:acp:1.1.7] AndroidManifest.xml:2:1-18:12
MERGED from [com.android.support:recyclerview-v7:25.3.1] AndroidManifest.xml:17:1-26:12
MERGED from [com.facebook.android:audience-network-sdk:5.3.0-beta] AndroidManifest.xml:2:1-36:12
MERGED from [com.android.support:appcompat-v7:28.0.0-alpha1] AndroidManifest.xml:17:1-23:12
MERGED from [com.google.android.gms:play-services-ads:17.1.2] AndroidManifest.xml:17:1-25:12
MERGED from [com.applovin:applovin-sdk:9.2.1] AndroidManifest.xml:2:1-26:12
MERGED from [com.google.ads.mediation:applovin:9.2.1.0] AndroidManifest.xml:2:1-11:12
MERGED from [com.google.android.gms:play-services-ads-identifier:16.0.0] AndroidManifest.xml:17:1-24:12
MERGED from [com.google.android.gms:play-services-ads-lite:17.1.2] AndroidManifest.xml:17:1-42:12
MERGED from [com.google.android.gms:play-services-gass:17.1.2] AndroidManifest.xml:2:1-9:12
MERGED from [com.google.android.gms:play-services-measurement-sdk-api:16.0.4] AndroidManifest.xml:17:1-30:12
MERGED from [com.google.android.gms:play-services-measurement-base:16.0.5] AndroidManifest.xml:2:1-9:12
MERGED from [com.google.android.gms:play-services-basement:16.0.1] AndroidManifest.xml:17:1-28:12
MERGED from [com.android.support:customtabs:26.1.0] AndroidManifest.xml:17:1-28:12
MERGED from [com.google.android.gms:play-services-ads-base:17.1.2] AndroidManifest.xml:2:1-9:12
MERGED from [com.android.support:animated-vector-drawable:28.0.0-alpha1] AndroidManifest.xml:17:1-23:12
MERGED from [com.android.support:support-vector-drawable:28.0.0-alpha1] AndroidManifest.xml:17:1-22:12
MERGED from [com.android.support:support-v4:26.1.0] AndroidManifest.xml:17:1-31:12
MERGED from [com.android.support:support-media-compat:26.1.0] AndroidManifest.xml:17:1-31:12
MERGED from [com.android.support:support-fragment:28.0.0-alpha1] AndroidManifest.xml:17:1-23:12
MERGED from [com.android.support:support-core-ui:28.0.0-alpha1] AndroidManifest.xml:17:1-23:12
MERGED from [com.android.support:viewpager:28.0.0-alpha1] AndroidManifest.xml:17:1-23:12
MERGED from [com.android.support:coordinatorlayout:28.0.0-alpha1] AndroidManifest.xml:17:1-23:12
MERGED from [com.android.support:drawerlayout:28.0.0-alpha1] AndroidManifest.xml:17:1-23:12
MERGED from [com.android.support:slidingpanelayout:28.0.0-alpha1] AndroidManifest.xml:17:1-23:12
MERGED from [com.android.support:customview:28.0.0-alpha1] AndroidManifest.xml:17:1-23:12
MERGED from [com.android.support:swiperefreshlayout:28.0.0-alpha1] AndroidManifest.xml:17:1-23:12
MERGED from [com.android.support:asynclayoutinflater:28.0.0-alpha1] AndroidManifest.xml:17:1-23:12
MERGED from [com.android.support:support-core-utils:28.0.0-alpha1] AndroidManifest.xml:17:1-23:12
MERGED from [com.android.support:loader:28.0.0-alpha1] AndroidManifest.xml:17:1-23:12
MERGED from [com.android.support:support-compat:28.0.0-alpha1] AndroidManifest.xml:17:1-23:12
MERGED from [com.android.support:interpolator:28.0.0-alpha1] AndroidManifest.xml:17:1-23:12
MERGED from [com.android.support:cursoradapter:28.0.0-alpha1] AndroidManifest.xml:17:1-23:12
MERGED from [com.android.support:documentfile:28.0.0-alpha1] AndroidManifest.xml:17:1-23:12
MERGED from [com.android.support:localbroadcastmanager:28.0.0-alpha1] AndroidManifest.xml:17:1-23:12
MERGED from [com.android.support:print:28.0.0-alpha1] AndroidManifest.xml:17:1-23:12
MERGED from [android.arch.lifecycle:runtime:1.1.0] AndroidManifest.xml:17:1-22:12
MERGED from [android.arch.lifecycle:livedata-core:1.1.0] AndroidManifest.xml:17:1-22:12
MERGED from [android.arch.core:runtime:1.1.0] AndroidManifest.xml:17:1-22:12
MERGED from [android.arch.lifecycle:viewmodel:1.1.0] AndroidManifest.xml:17:1-22:12
INJECTED from src/main/AndroidManifest.xml:2:1-178:12
INJECTED from src/main/AndroidManifest.xml:2:1-178:12
INJECTED from src/main/AndroidManifest.xml:2:1-178:12
	package
		ADDED from src/main/AndroidManifest.xml:4:5-40
		INJECTED from src/main/AndroidManifest.xml
		INJECTED from src/main/AndroidManifest.xml
	android:versionName
		INJECTED from src/main/AndroidManifest.xml
		ADDED from src/main/AndroidManifest.xml:2:1-178:12
		INJECTED from src/main/AndroidManifest.xml
	xmlns:tools
		ADDED from src/main/AndroidManifest.xml:3:5-51
	android:versionCode
		INJECTED from src/main/AndroidManifest.xml
		ADDED from src/main/AndroidManifest.xml:2:1-178:12
		INJECTED from src/main/AndroidManifest.xml
	xmlns:android
		ADDED from src/main/AndroidManifest.xml:2:11-69
uses-feature#android.hardware.bluetooth_le
ADDED from src/main/AndroidManifest.xml:6:5-8:35
	android:required
		ADDED from src/main/AndroidManifest.xml:8:9-32
	android:name
		ADDED from src/main/AndroidManifest.xml:7:9-53
uses-permission#android.permission.GET_PACKAGE_SIZE
ADDED from src/main/AndroidManifest.xml:10:5-74
	android:name
		ADDED from src/main/AndroidManifest.xml:10:22-72
uses-permission#android.permission.INTERNET
ADDED from src/main/AndroidManifest.xml:11:5-66
MERGED from [com.facebook.android:audience-network-sdk:5.3.0-beta] AndroidManifest.xml:11:5-67
MERGED from [com.facebook.android:audience-network-sdk:5.3.0-beta] AndroidManifest.xml:11:5-67
MERGED from [com.applovin:applovin-sdk:9.2.1] AndroidManifest.xml:11:5-67
MERGED from [com.applovin:applovin-sdk:9.2.1] AndroidManifest.xml:11:5-67
MERGED from [com.google.android.gms:play-services-ads-lite:17.1.2] AndroidManifest.xml:23:5-67
MERGED from [com.google.android.gms:play-services-ads-lite:17.1.2] AndroidManifest.xml:23:5-67
MERGED from [com.google.android.gms:play-services-measurement-sdk-api:16.0.4] AndroidManifest.xml:23:5-67
MERGED from [com.google.android.gms:play-services-measurement-sdk-api:16.0.4] AndroidManifest.xml:23:5-67
	android:name
		ADDED from src/main/AndroidManifest.xml:11:22-64
uses-permission#android.permission.WRITE_EXTERNAL_STORAGE
ADDED from src/main/AndroidManifest.xml:12:5-107
	android:maxSdkVersion
		ADDED from src/main/AndroidManifest.xml:12:79-105
	android:name
		ADDED from src/main/AndroidManifest.xml:12:22-78
uses-permission#android.permission.ACCESS_NETWORK_STATE
ADDED from src/main/AndroidManifest.xml:13:5-78
MERGED from [com.facebook.android:audience-network-sdk:5.3.0-beta] AndroidManifest.xml:12:5-79
MERGED from [com.facebook.android:audience-network-sdk:5.3.0-beta] AndroidManifest.xml:12:5-79
MERGED from [com.applovin:applovin-sdk:9.2.1] AndroidManifest.xml:12:5-79
MERGED from [com.applovin:applovin-sdk:9.2.1] AndroidManifest.xml:12:5-79
MERGED from [com.google.android.gms:play-services-ads-lite:17.1.2] AndroidManifest.xml:24:5-79
MERGED from [com.google.android.gms:play-services-ads-lite:17.1.2] AndroidManifest.xml:24:5-79
MERGED from [com.google.android.gms:play-services-measurement-sdk-api:16.0.4] AndroidManifest.xml:24:5-79
MERGED from [com.google.android.gms:play-services-measurement-sdk-api:16.0.4] AndroidManifest.xml:24:5-79
	android:name
		ADDED from src/main/AndroidManifest.xml:13:22-76
uses-permission#android.permission.BLUETOOTH
ADDED from src/main/AndroidManifest.xml:14:5-68
	android:name
		ADDED from src/main/AndroidManifest.xml:14:22-65
uses-permission#android.permission.BLUETOOTH_ADMIN
ADDED from src/main/AndroidManifest.xml:15:5-74
	android:name
		ADDED from src/main/AndroidManifest.xml:15:22-71
supports-screens
ADDED from src/main/AndroidManifest.xml:17:5-22:39
	android:largeScreens
		ADDED from src/main/AndroidManifest.xml:19:9-36
	android:smallScreens
		ADDED from src/main/AndroidManifest.xml:22:9-36
	android:normalScreens
		ADDED from src/main/AndroidManifest.xml:20:9-37
	android:resizeable
		ADDED from src/main/AndroidManifest.xml:21:9-34
	android:anyDensity
		ADDED from src/main/AndroidManifest.xml:18:9-34
application
ADDED from src/main/AndroidManifest.xml:24:5-176:19
MERGED from [:library] AndroidManifest.xml:11:5-12:19
MERGED from [:library] AndroidManifest.xml:11:5-12:19
MERGED from [com.nhaarman.listviewanimations:lib-core:3.1.0] AndroidManifest.xml:26:5-27:19
MERGED from [com.nhaarman.listviewanimations:lib-core:3.1.0] AndroidManifest.xml:26:5-27:19
MERGED from [com.nhaarman.listviewanimations:lib-manipulation:3.1.0] AndroidManifest.xml:26:5-29:19
MERGED from [com.nhaarman.listviewanimations:lib-manipulation:3.1.0] AndroidManifest.xml:26:5-29:19
MERGED from [com.nhaarman.listviewanimations:lib-core-slh:3.1.0] AndroidManifest.xml:26:5-27:19
MERGED from [com.nhaarman.listviewanimations:lib-core-slh:3.1.0] AndroidManifest.xml:26:5-27:19
MERGED from [com.github.gabrielemariotti.changeloglib:library:1.5.2] AndroidManifest.xml:11:5-12:19
MERGED from [com.github.gabrielemariotti.changeloglib:library:1.5.2] AndroidManifest.xml:11:5-12:19
MERGED from [com.hannesdorfmann.smoothprogressbar:library:1.0.0] AndroidManifest.xml:12:5-20
MERGED from [com.hannesdorfmann.smoothprogressbar:library:1.0.0] AndroidManifest.xml:12:5-20
MERGED from [com.github.castorflex.smoothprogressbar:library-circular:1.0.0] AndroidManifest.xml:12:5-20
MERGED from [com.github.castorflex.smoothprogressbar:library-circular:1.0.0] AndroidManifest.xml:12:5-20
MERGED from [com.android.support.constraint:constraint-layout:1.0.2] AndroidManifest.xml:9:5-20
MERGED from [com.android.support.constraint:constraint-layout:1.0.2] AndroidManifest.xml:9:5-20
MERGED from [com.mylhyl:acp:1.1.7] AndroidManifest.xml:11:5-16:19
MERGED from [com.mylhyl:acp:1.1.7] AndroidManifest.xml:11:5-16:19
MERGED from [com.facebook.android:audience-network-sdk:5.3.0-beta] AndroidManifest.xml:14:5-34:19
MERGED from [com.facebook.android:audience-network-sdk:5.3.0-beta] AndroidManifest.xml:14:5-34:19
MERGED from [com.applovin:applovin-sdk:9.2.1] AndroidManifest.xml:14:5-24:19
MERGED from [com.applovin:applovin-sdk:9.2.1] AndroidManifest.xml:14:5-24:19
MERGED from [com.google.android.gms:play-services-ads-identifier:16.0.0] AndroidManifest.xml:22:5-20
MERGED from [com.google.android.gms:play-services-ads-identifier:16.0.0] AndroidManifest.xml:22:5-20
MERGED from [com.google.android.gms:play-services-ads-lite:17.1.2] AndroidManifest.xml:26:5-40:19
MERGED from [com.google.android.gms:play-services-ads-lite:17.1.2] AndroidManifest.xml:26:5-40:19
MERGED from [com.google.android.gms:play-services-gass:17.1.2] AndroidManifest.xml:7:5-20
MERGED from [com.google.android.gms:play-services-gass:17.1.2] AndroidManifest.xml:7:5-20
MERGED from [com.google.android.gms:play-services-measurement-sdk-api:16.0.4] AndroidManifest.xml:27:5-28:19
MERGED from [com.google.android.gms:play-services-measurement-sdk-api:16.0.4] AndroidManifest.xml:27:5-28:19
MERGED from [com.google.android.gms:play-services-measurement-base:16.0.5] AndroidManifest.xml:7:5-20
MERGED from [com.google.android.gms:play-services-measurement-base:16.0.5] AndroidManifest.xml:7:5-20
MERGED from [com.google.android.gms:play-services-basement:16.0.1] AndroidManifest.xml:22:5-26:19
MERGED from [com.google.android.gms:play-services-basement:16.0.1] AndroidManifest.xml:22:5-26:19
MERGED from [com.android.support:customtabs:26.1.0] AndroidManifest.xml:22:5-26:19
MERGED from [com.android.support:customtabs:26.1.0] AndroidManifest.xml:22:5-26:19
MERGED from [com.google.android.gms:play-services-ads-base:17.1.2] AndroidManifest.xml:7:5-20
MERGED from [com.google.android.gms:play-services-ads-base:17.1.2] AndroidManifest.xml:7:5-20
MERGED from [com.android.support:support-v4:26.1.0] AndroidManifest.xml:25:5-29:19
MERGED from [com.android.support:support-v4:26.1.0] AndroidManifest.xml:25:5-29:19
MERGED from [com.android.support:support-media-compat:26.1.0] AndroidManifest.xml:25:5-29:19
MERGED from [com.android.support:support-media-compat:26.1.0] AndroidManifest.xml:25:5-29:19
	android:label
		ADDED from src/main/AndroidManifest.xml:28:9-41
	android:hardwareAccelerated
		ADDED from src/main/AndroidManifest.xml:29:9-43
	android:icon
		ADDED from src/main/AndroidManifest.xml:27:9-42
	android:allowBackup
		ADDED from src/main/AndroidManifest.xml:26:9-35
	android:theme
		ADDED from src/main/AndroidManifest.xml:30:9-42
	android:name
		ADDED from src/main/AndroidManifest.xml:25:9-74
activity#com.yunthink.supercleanmaster.ui.SplishActivity
ADDED from src/main/AndroidManifest.xml:31:9-40:20
	android:screenOrientation
		ADDED from src/main/AndroidManifest.xml:34:13-49
	android:label
		ADDED from src/main/AndroidManifest.xml:33:13-45
	android:theme
		ADDED from src/main/AndroidManifest.xml:35:13-54
	android:name
		ADDED from src/main/AndroidManifest.xml:32:13-75
intent-filter#android.intent.action.MAIN+android.intent.category.LAUNCHER
ADDED from src/main/AndroidManifest.xml:36:13-39:29
action#android.intent.action.MAIN
ADDED from src/main/AndroidManifest.xml:37:17-69
	android:name
		ADDED from src/main/AndroidManifest.xml:37:25-66
category#android.intent.category.LAUNCHER
ADDED from src/main/AndroidManifest.xml:38:17-77
	android:name
		ADDED from src/main/AndroidManifest.xml:38:27-74
activity#com.yunthink.supercleanmaster.ui.MainActivity
ADDED from src/main/AndroidManifest.xml:41:9-45:49
	android:screenOrientation
		ADDED from src/main/AndroidManifest.xml:44:13-49
	android:label
		ADDED from src/main/AndroidManifest.xml:43:13-45
	android:theme
		ADDED from src/main/AndroidManifest.xml:45:13-46
	android:name
		ADDED from src/main/AndroidManifest.xml:42:13-73
activity#com.yunthink.supercleanmaster.ui.ShortCutActivity
ADDED from src/main/AndroidManifest.xml:46:9-58:20
	android:screenOrientation
		ADDED from src/main/AndroidManifest.xml:51:13-49
	android:label
		ADDED from src/main/AndroidManifest.xml:50:13-51
	android:excludeFromRecents
		ADDED from src/main/AndroidManifest.xml:48:13-46
	android:exported
		ADDED from src/main/AndroidManifest.xml:49:13-36
	android:theme
		ADDED from src/main/AndroidManifest.xml:53:13-72
	android:taskAffinity
		ADDED from src/main/AndroidManifest.xml:52:13-64
	android:name
		ADDED from src/main/AndroidManifest.xml:47:13-77
intent-filter#android.intent.category.DEFAULT+com.yzy.shortcut
ADDED from src/main/AndroidManifest.xml:54:13-57:29
action#com.yzy.shortcut
ADDED from src/main/AndroidManifest.xml:55:17-59
	android:name
		ADDED from src/main/AndroidManifest.xml:55:25-56
category#android.intent.category.DEFAULT
ADDED from src/main/AndroidManifest.xml:56:17-76
	android:name
		ADDED from src/main/AndroidManifest.xml:56:27-73
activity#com.yunthink.supercleanmaster.ui.MemoryCleanActivity
ADDED from src/main/AndroidManifest.xml:59:9-63:60
	android:screenOrientation
		ADDED from src/main/AndroidManifest.xml:62:13-49
	android:label
		ADDED from src/main/AndroidManifest.xml:61:13-53
	android:theme
		ADDED from src/main/AndroidManifest.xml:63:13-57
	android:name
		ADDED from src/main/AndroidManifest.xml:60:13-80
activity#com.yunthink.supercleanmaster.ui.RubbishCleanActivity
ADDED from src/main/AndroidManifest.xml:64:9-68:60
	android:screenOrientation
		ADDED from src/main/AndroidManifest.xml:67:13-49
	android:label
		ADDED from src/main/AndroidManifest.xml:66:13-54
	android:theme
		ADDED from src/main/AndroidManifest.xml:68:13-57
	android:name
		ADDED from src/main/AndroidManifest.xml:65:13-81
activity#com.yunthink.supercleanmaster.ui.AutoStartManageActivity
ADDED from src/main/AndroidManifest.xml:69:9-73:60
	android:screenOrientation
		ADDED from src/main/AndroidManifest.xml:72:13-49
	android:label
		ADDED from src/main/AndroidManifest.xml:71:13-57
	android:theme
		ADDED from src/main/AndroidManifest.xml:73:13-57
	android:name
		ADDED from src/main/AndroidManifest.xml:70:13-84
activity#com.yunthink.supercleanmaster.ui.SoftwareManageActivity
ADDED from src/main/AndroidManifest.xml:74:9-78:60
	android:screenOrientation
		ADDED from src/main/AndroidManifest.xml:77:13-49
	android:label
		ADDED from src/main/AndroidManifest.xml:76:13-56
	android:theme
		ADDED from src/main/AndroidManifest.xml:78:13-57
	android:name
		ADDED from src/main/AndroidManifest.xml:75:13-83
activity#com.yunthink.supercleanmaster.base.FragmentContainerActivity
ADDED from src/main/AndroidManifest.xml:79:9-82:60
	android:screenOrientation
		ADDED from src/main/AndroidManifest.xml:81:13-49
	android:theme
		ADDED from src/main/AndroidManifest.xml:82:13-57
	android:name
		ADDED from src/main/AndroidManifest.xml:80:13-88
activity#com.yunthink.supercleanmaster.ui.AboutActivity
ADDED from src/main/AndroidManifest.xml:83:9-86:60
	android:screenOrientation
		ADDED from src/main/AndroidManifest.xml:85:13-49
	android:theme
		ADDED from src/main/AndroidManifest.xml:86:13-57
	android:name
		ADDED from src/main/AndroidManifest.xml:84:13-74
activity#com.yunthink.supercleanmaster.ui.CpucoolingActivity
ADDED from src/main/AndroidManifest.xml:87:9-91:60
	android:screenOrientation
		ADDED from src/main/AndroidManifest.xml:90:13-49
	android:label
		ADDED from src/main/AndroidManifest.xml:89:13-44
	android:theme
		ADDED from src/main/AndroidManifest.xml:91:13-57
	android:name
		ADDED from src/main/AndroidManifest.xml:88:13-79
activity#com.yunthink.supercleanmaster.ui.BatteryActivity
ADDED from src/main/AndroidManifest.xml:92:9-96:60
	android:screenOrientation
		ADDED from src/main/AndroidManifest.xml:95:13-49
	android:label
		ADDED from src/main/AndroidManifest.xml:94:13-59
	android:theme
		ADDED from src/main/AndroidManifest.xml:96:13-57
	android:name
		ADDED from src/main/AndroidManifest.xml:93:13-76
activity#com.yunthink.supercleanmaster.ui.PrivacypolicyActivity
ADDED from src/main/AndroidManifest.xml:97:9-101:60
	android:screenOrientation
		ADDED from src/main/AndroidManifest.xml:100:13-49
	android:label
		ADDED from src/main/AndroidManifest.xml:99:13-59
	android:theme
		ADDED from src/main/AndroidManifest.xml:101:13-57
	android:name
		ADDED from src/main/AndroidManifest.xml:98:13-82
activity#com.yunthink.supercleanmaster.ui.TermsofuseActivity
ADDED from src/main/AndroidManifest.xml:102:9-106:60
	android:screenOrientation
		ADDED from src/main/AndroidManifest.xml:105:13-49
	android:label
		ADDED from src/main/AndroidManifest.xml:104:13-56
	android:theme
		ADDED from src/main/AndroidManifest.xml:106:13-57
	android:name
		ADDED from src/main/AndroidManifest.xml:103:13-79
activity#com.yunthink.supercleanmaster.ui.SendEmailActivity
ADDED from src/main/AndroidManifest.xml:107:9-111:60
	android:screenOrientation
		ADDED from src/main/AndroidManifest.xml:110:13-49
	android:label
		ADDED from src/main/AndroidManifest.xml:109:13-55
	android:theme
		ADDED from src/main/AndroidManifest.xml:111:13-57
	android:name
		ADDED from src/main/AndroidManifest.xml:108:13-78
activity#com.yunthink.supercleanmaster.ads.BannerAdvertisementActivity
ADDED from src/main/AndroidManifest.xml:112:9-116:60
	android:screenOrientation
		ADDED from src/main/AndroidManifest.xml:115:13-49
	android:label
		ADDED from src/main/AndroidManifest.xml:114:13-55
	android:theme
		ADDED from src/main/AndroidManifest.xml:116:13-57
	android:name
		ADDED from src/main/AndroidManifest.xml:113:13-89
activity#com.yunthink.supercleanmaster.ads.InterstitialAdvertisementActivity
ADDED from src/main/AndroidManifest.xml:117:9-122:49
	android:screenOrientation
		ADDED from src/main/AndroidManifest.xml:120:13-49
	android:label
		ADDED from src/main/AndroidManifest.xml:119:13-55
	android:hardwareAccelerated
		ADDED from src/main/AndroidManifest.xml:122:13-47
	android:theme
		ADDED from src/main/AndroidManifest.xml:121:13-57
	android:name
		ADDED from src/main/AndroidManifest.xml:118:13-95
activity#com.yunthink.supercleanmaster.ads.AdvertisementActivity
ADDED from src/main/AndroidManifest.xml:125:9-130:60
	android:screenOrientation
		ADDED from src/main/AndroidManifest.xml:128:13-49
	android:label
		ADDED from src/main/AndroidManifest.xml:127:13-48
	android:hardwareAccelerated
		ADDED from src/main/AndroidManifest.xml:129:13-47
	android:theme
		ADDED from src/main/AndroidManifest.xml:130:13-57
	android:name
		ADDED from src/main/AndroidManifest.xml:126:13-83
activity#com.yunthink.supercleanmaster.ads.AdvertisementActivity2
ADDED from src/main/AndroidManifest.xml:131:9-136:60
	android:screenOrientation
		ADDED from src/main/AndroidManifest.xml:134:13-49
	android:label
		ADDED from src/main/AndroidManifest.xml:133:13-48
	android:hardwareAccelerated
		ADDED from src/main/AndroidManifest.xml:135:13-47
	android:theme
		ADDED from src/main/AndroidManifest.xml:136:13-57
	android:name
		ADDED from src/main/AndroidManifest.xml:132:13-84
activity#com.yunthink.supercleanmaster.ads.AdvertisementActivity3
ADDED from src/main/AndroidManifest.xml:137:9-142:60
	android:screenOrientation
		ADDED from src/main/AndroidManifest.xml:140:13-49
	android:label
		ADDED from src/main/AndroidManifest.xml:139:13-48
	android:hardwareAccelerated
		ADDED from src/main/AndroidManifest.xml:141:13-47
	android:theme
		ADDED from src/main/AndroidManifest.xml:142:13-57
	android:name
		ADDED from src/main/AndroidManifest.xml:138:13-84
activity#com.yunthink.supercleanmaster.ads.AdvertisementActivity4
ADDED from src/main/AndroidManifest.xml:143:9-148:60
	android:screenOrientation
		ADDED from src/main/AndroidManifest.xml:146:13-49
	android:label
		ADDED from src/main/AndroidManifest.xml:145:13-48
	android:hardwareAccelerated
		ADDED from src/main/AndroidManifest.xml:147:13-47
	android:theme
		ADDED from src/main/AndroidManifest.xml:148:13-57
	android:name
		ADDED from src/main/AndroidManifest.xml:144:13-84
service#com.yunthink.supercleanmaster.service.PeripheralService
ADDED from src/main/AndroidManifest.xml:150:9-152:40
	android:exported
		ADDED from src/main/AndroidManifest.xml:152:13-37
	android:name
		ADDED from src/main/AndroidManifest.xml:151:13-83
service#com.yunthink.supercleanmaster.service.CleanerService
ADDED from src/main/AndroidManifest.xml:153:9-155:40
	android:exported
		ADDED from src/main/AndroidManifest.xml:155:13-37
	android:name
		ADDED from src/main/AndroidManifest.xml:154:13-80
service#com.yunthink.supercleanmaster.service.CoreService
ADDED from src/main/AndroidManifest.xml:156:9-158:40
	android:exported
		ADDED from src/main/AndroidManifest.xml:158:13-37
	android:name
		ADDED from src/main/AndroidManifest.xml:157:13-77
receiver#com.yunthink.supercleanmaster.receiver.BootCompleteReceiver
ADDED from src/main/AndroidManifest.xml:160:9-164:20
	android:name
		ADDED from src/main/AndroidManifest.xml:160:19-93
intent-filter#android.intent.action.BOOT_COMPLETED
ADDED from src/main/AndroidManifest.xml:161:13-163:29
action#android.intent.action.BOOT_COMPLETED
ADDED from src/main/AndroidManifest.xml:162:17-79
	android:name
		ADDED from src/main/AndroidManifest.xml:162:25-76
meta-data#applovin.sdk.key
ADDED from src/main/AndroidManifest.xml:167:9-94
	android:value
		ADDED from src/main/AndroidManifest.xml:167:52-92
	android:name
		ADDED from src/main/AndroidManifest.xml:167:20-51
meta-data#com.google.android.gms.ads.APPLICATION_ID
ADDED from src/main/AndroidManifest.xml:169:9-115
	android:value
		ADDED from src/main/AndroidManifest.xml:169:77-113
	android:name
		ADDED from src/main/AndroidManifest.xml:169:20-76
meta-data#com.facebook.sdk.ApplicationId
ADDED from src/main/AndroidManifest.xml:171:9-107
	android:value
		ADDED from src/main/AndroidManifest.xml:171:66-105
	android:name
		ADDED from src/main/AndroidManifest.xml:171:20-65
activity#com.applovin.adview.AppLovinInterstitialActivity
ADDED from src/main/AndroidManifest.xml:173:9-131
MERGED from [com.applovin:applovin-sdk:9.2.1] AndroidManifest.xml:15:9-17:62
MERGED from [com.applovin:applovin-sdk:9.2.1] AndroidManifest.xml:15:9-17:62
	android:configChanges
		ADDED from src/main/AndroidManifest.xml:173:83-129
	android:name
		ADDED from src/main/AndroidManifest.xml:173:19-82
activity#com.applovin.adview.AppLovinConfirmationActivity
ADDED from src/main/AndroidManifest.xml:174:9-131
MERGED from [com.applovin:applovin-sdk:9.2.1] AndroidManifest.xml:18:9-20:62
MERGED from [com.applovin:applovin-sdk:9.2.1] AndroidManifest.xml:18:9-20:62
	android:configChanges
		ADDED from src/main/AndroidManifest.xml:174:83-129
	android:name
		ADDED from src/main/AndroidManifest.xml:174:19-82
uses-sdk
INJECTED from src/main/AndroidManifest.xml reason: use-sdk injection requested
INJECTED from src/main/AndroidManifest.xml
INJECTED from src/main/AndroidManifest.xml
MERGED from [:library] AndroidManifest.xml:7:5-9:41
MERGED from [:library] AndroidManifest.xml:7:5-9:41
MERGED from [eu.chainfire:libsuperuser:1.0.0.201811281328] AndroidManifest.xml:7:5-9:41
MERGED from [eu.chainfire:libsuperuser:1.0.0.201811281328] AndroidManifest.xml:7:5-9:41
MERGED from [com.nhaarman.listviewanimations:lib-core:3.1.0] AndroidManifest.xml:22:5-24:41
MERGED from [com.nhaarman.listviewanimations:lib-core:3.1.0] AndroidManifest.xml:22:5-24:41
MERGED from [com.nhaarman.listviewanimations:lib-manipulation:3.1.0] AndroidManifest.xml:22:5-24:41
MERGED from [com.nhaarman.listviewanimations:lib-manipulation:3.1.0] AndroidManifest.xml:22:5-24:41
MERGED from [com.nhaarman.listviewanimations:lib-core-slh:3.1.0] AndroidManifest.xml:22:5-24:41
MERGED from [com.nhaarman.listviewanimations:lib-core-slh:3.1.0] AndroidManifest.xml:22:5-24:41
MERGED from [com.github.gabrielemariotti.changeloglib:library:1.5.2] AndroidManifest.xml:7:5-9:41
MERGED from [com.github.gabrielemariotti.changeloglib:library:1.5.2] AndroidManifest.xml:7:5-9:41
MERGED from [com.hannesdorfmann.smoothprogressbar:library:1.0.0] AndroidManifest.xml:8:5-10:41
MERGED from [com.hannesdorfmann.smoothprogressbar:library:1.0.0] AndroidManifest.xml:8:5-10:41
MERGED from [com.github.castorflex.smoothprogressbar:library-circular:1.0.0] AndroidManifest.xml:8:5-10:41
MERGED from [com.github.castorflex.smoothprogressbar:library-circular:1.0.0] AndroidManifest.xml:8:5-10:41
MERGED from [com.android.support.constraint:constraint-layout:1.0.2] AndroidManifest.xml:5:5-7:41
MERGED from [com.android.support.constraint:constraint-layout:1.0.2] AndroidManifest.xml:5:5-7:41
MERGED from [com.github.ybq:Android-SpinKit:1.0.4] AndroidManifest.xml:8:5-10:41
MERGED from [com.github.ybq:Android-SpinKit:1.0.4] AndroidManifest.xml:8:5-10:41
MERGED from [com.mylhyl:acp:1.1.7] AndroidManifest.xml:7:5-9:41
MERGED from [com.mylhyl:acp:1.1.7] AndroidManifest.xml:7:5-9:41
MERGED from [com.android.support:recyclerview-v7:25.3.1] AndroidManifest.xml:20:5-43
MERGED from [com.android.support:recyclerview-v7:25.3.1] AndroidManifest.xml:20:5-43
MERGED from [com.facebook.android:audience-network-sdk:5.3.0-beta] AndroidManifest.xml:7:5-9:41
MERGED from [com.facebook.android:audience-network-sdk:5.3.0-beta] AndroidManifest.xml:7:5-9:41
MERGED from [com.android.support:appcompat-v7:28.0.0-alpha1] AndroidManifest.xml:21:5-44
MERGED from [com.android.support:appcompat-v7:28.0.0-alpha1] AndroidManifest.xml:21:5-44
MERGED from [com.google.android.gms:play-services-ads:17.1.2] AndroidManifest.xml:21:5-23:62
MERGED from [com.google.android.gms:play-services-ads:17.1.2] AndroidManifest.xml:21:5-23:62
MERGED from [com.applovin:applovin-sdk:9.2.1] AndroidManifest.xml:7:5-9:41
MERGED from [com.applovin:applovin-sdk:9.2.1] AndroidManifest.xml:7:5-9:41
MERGED from [com.google.ads.mediation:applovin:9.2.1.0] AndroidManifest.xml:7:5-9:41
MERGED from [com.google.ads.mediation:applovin:9.2.1.0] AndroidManifest.xml:7:5-9:41
MERGED from [com.google.android.gms:play-services-ads-identifier:16.0.0] AndroidManifest.xml:20:5-44
MERGED from [com.google.android.gms:play-services-ads-identifier:16.0.0] AndroidManifest.xml:20:5-44
MERGED from [com.google.android.gms:play-services-ads-lite:17.1.2] AndroidManifest.xml:20:5-44
MERGED from [com.google.android.gms:play-services-ads-lite:17.1.2] AndroidManifest.xml:20:5-44
MERGED from [com.google.android.gms:play-services-gass:17.1.2] AndroidManifest.xml:5:5-44
MERGED from [com.google.android.gms:play-services-gass:17.1.2] AndroidManifest.xml:5:5-44
MERGED from [com.google.android.gms:play-services-measurement-sdk-api:16.0.4] AndroidManifest.xml:20:5-44
MERGED from [com.google.android.gms:play-services-measurement-sdk-api:16.0.4] AndroidManifest.xml:20:5-44
MERGED from [com.google.android.gms:play-services-measurement-base:16.0.5] AndroidManifest.xml:5:5-44
MERGED from [com.google.android.gms:play-services-measurement-base:16.0.5] AndroidManifest.xml:5:5-44
MERGED from [com.google.android.gms:play-services-basement:16.0.1] AndroidManifest.xml:20:5-44
MERGED from [com.google.android.gms:play-services-basement:16.0.1] AndroidManifest.xml:20:5-44
MERGED from [com.android.support:customtabs:26.1.0] AndroidManifest.xml:20:5-44
MERGED from [com.android.support:customtabs:26.1.0] AndroidManifest.xml:20:5-44
MERGED from [com.google.android.gms:play-services-ads-base:17.1.2] AndroidManifest.xml:5:5-44
MERGED from [com.google.android.gms:play-services-ads-base:17.1.2] AndroidManifest.xml:5:5-44
MERGED from [com.android.support:animated-vector-drawable:28.0.0-alpha1] AndroidManifest.xml:21:5-44
MERGED from [com.android.support:animated-vector-drawable:28.0.0-alpha1] AndroidManifest.xml:21:5-44
MERGED from [com.android.support:support-vector-drawable:28.0.0-alpha1] AndroidManifest.xml:20:5-44